0 info it worked if it ends with ok
1 verbose cli [ '/usr/local/Cellar/node/5.5.0/bin/node',
1 verbose cli   '/usr/local/bin/npm',
1 verbose cli   'install' ]
2 info using npm@3.5.3
3 info using node@v5.5.0
4 silly loadCurrentTree Starting
5 silly install loadCurrentTree
6 silly install readLocalPackageData
7 silly install normalizeTree
8 silly loadCurrentTree Finishing
9 silly loadIdealTree Starting
10 silly install loadIdealTree
11 silly cloneCurrentTree Starting
12 silly install cloneCurrentTreeToIdealTree
13 silly cloneCurrentTree Finishing
14 silly loadShrinkwrap Starting
15 silly install loadShrinkwrap
16 silly loadShrinkwrap Finishing
17 silly loadAllDepsIntoIdealTree Starting
18 silly install loadAllDepsIntoIdealTree
19 silly fetchNamedPackageData babel-brunch
20 silly mapToRegistry name babel-brunch
21 silly mapToRegistry using default registry
22 silly mapToRegistry registry https://registry.npmjs.org/
23 silly mapToRegistry uri https://registry.npmjs.org/babel-brunch
24 silly fetchNamedPackageData brunch
25 silly mapToRegistry name brunch
26 silly mapToRegistry using default registry
27 silly mapToRegistry registry https://registry.npmjs.org/
28 silly mapToRegistry uri https://registry.npmjs.org/brunch
29 silly fetchNamedPackageData clean-css-brunch
30 silly mapToRegistry name clean-css-brunch
31 silly mapToRegistry using default registry
32 silly mapToRegistry registry https://registry.npmjs.org/
33 silly mapToRegistry uri https://registry.npmjs.org/clean-css-brunch
34 silly fetchNamedPackageData css-brunch
35 silly mapToRegistry name css-brunch
36 silly mapToRegistry using default registry
37 silly mapToRegistry registry https://registry.npmjs.org/
38 silly mapToRegistry uri https://registry.npmjs.org/css-brunch
39 silly fetchNamedPackageData javascript-brunch
40 silly mapToRegistry name javascript-brunch
41 silly mapToRegistry using default registry
42 silly mapToRegistry registry https://registry.npmjs.org/
43 silly mapToRegistry uri https://registry.npmjs.org/javascript-brunch
44 silly fetchNamedPackageData uglify-js-brunch
45 silly mapToRegistry name uglify-js-brunch
46 silly mapToRegistry using default registry
47 silly mapToRegistry registry https://registry.npmjs.org/
48 silly mapToRegistry uri https://registry.npmjs.org/uglify-js-brunch
49 silly fetchOtherPackageData phoenix@file:deps/phoenix
50 silly cache add args [ 'phoenix@file:deps/phoenix', null ]
51 verbose cache add spec phoenix@file:deps/phoenix
52 silly fetchOtherPackageData phoenix_html@file:deps/phoenix_html
53 silly cache add args [ 'phoenix_html@file:deps/phoenix_html', null ]
54 verbose cache add spec phoenix_html@file:deps/phoenix_html
55 silly cache add parsed spec Result {
55 silly cache add   raw: 'phoenix@file:deps/phoenix',
55 silly cache add   scope: null,
55 silly cache add   name: 'phoenix',
55 silly cache add   rawSpec: 'file:deps/phoenix',
55 silly cache add   spec: '/Users/Flaque/Documents/School/2016 Spring/Languages/lutra/deps/phoenix',
55 silly cache add   type: 'local' }
56 silly cache add parsed spec Result {
56 silly cache add   raw: 'phoenix_html@file:deps/phoenix_html',
56 silly cache add   scope: null,
56 silly cache add   name: 'phoenix_html',
56 silly cache add   rawSpec: 'file:deps/phoenix_html',
56 silly cache add   spec: '/Users/Flaque/Documents/School/2016 Spring/Languages/lutra/deps/phoenix_html',
56 silly cache add   type: 'local' }
57 error addLocal Could not install /Users/Flaque/Documents/School/2016 Spring/Languages/lutra/deps/phoenix
58 silly fetchPackageMetaData Error: ENOENT: no such file or directory, open '/Users/Flaque/Documents/School/2016 Spring/Languages/lutra/deps/phoenix'
58 silly fetchPackageMetaData     at Error (native)
58 silly fetchPackageMetaData  error for phoenix@file:deps/phoenix { [Error: ENOENT: no such file or directory, open '/Users/Flaque/Documents/School/2016 Spring/Languages/lutra/deps/phoenix']
58 silly fetchPackageMetaData   errno: -2,
58 silly fetchPackageMetaData   code: 'ENOENT',
58 silly fetchPackageMetaData   syscall: 'open',
58 silly fetchPackageMetaData   path: '/Users/Flaque/Documents/School/2016 Spring/Languages/lutra/deps/phoenix' }
59 error addLocal Could not install /Users/Flaque/Documents/School/2016 Spring/Languages/lutra/deps/phoenix_html
60 silly fetchPackageMetaData Error: ENOENT: no such file or directory, open '/Users/Flaque/Documents/School/2016 Spring/Languages/lutra/deps/phoenix_html'
60 silly fetchPackageMetaData     at Error (native)
60 silly fetchPackageMetaData  error for phoenix_html@file:deps/phoenix_html { [Error: ENOENT: no such file or directory, open '/Users/Flaque/Documents/School/2016 Spring/Languages/lutra/deps/phoenix_html']
60 silly fetchPackageMetaData   errno: -2,
60 silly fetchPackageMetaData   code: 'ENOENT',
60 silly fetchPackageMetaData   syscall: 'open',
60 silly fetchPackageMetaData   path: '/Users/Flaque/Documents/School/2016 Spring/Languages/lutra/deps/phoenix_html' }
61 verbose request uri https://registry.npmjs.org/babel-brunch
62 verbose request no auth needed
63 info attempt registry request try #1 at 4:13:04 PM
64 verbose request id d3b45a23f91d5c82
65 verbose etag "6UDF2GRX43BIZTQ9772DRSL2T"
66 http request GET https://registry.npmjs.org/babel-brunch
67 verbose request uri https://registry.npmjs.org/clean-css-brunch
68 verbose request no auth needed
69 info attempt registry request try #1 at 4:13:04 PM
70 verbose etag "5MPZPCMAI74IWZRADCMJFIHZW"
71 http request GET https://registry.npmjs.org/clean-css-brunch
72 verbose request uri https://registry.npmjs.org/javascript-brunch
73 verbose request no auth needed
74 info attempt registry request try #1 at 4:13:04 PM
75 verbose etag "29I869TOMAOKBX6F9X34ADN83"
76 http request GET https://registry.npmjs.org/javascript-brunch
77 verbose request uri https://registry.npmjs.org/css-brunch
78 verbose request no auth needed
79 info attempt registry request try #1 at 4:13:04 PM
80 verbose etag "3MLMEF015LTF3ST910NBEPF6Z"
81 http request GET https://registry.npmjs.org/css-brunch
82 verbose request uri https://registry.npmjs.org/brunch
83 verbose request no auth needed
84 info attempt registry request try #1 at 4:13:04 PM
85 verbose etag "CCHT6WJI94VAE0UM3VBQFFORN"
86 http request GET https://registry.npmjs.org/brunch
87 verbose request uri https://registry.npmjs.org/uglify-js-brunch
88 verbose request no auth needed
89 info attempt registry request try #1 at 4:13:04 PM
90 verbose etag "13FU9J8Y5W216UTLU2ZRS4T4M"
91 http request GET https://registry.npmjs.org/uglify-js-brunch
92 http 304 https://registry.npmjs.org/clean-css-brunch
93 verbose headers { date: 'Wed, 10 Feb 2016 00:13:04 GMT',
93 verbose headers   via: '1.1 varnish',
93 verbose headers   'cache-control': 'max-age=300',
93 verbose headers   etag: '"5MPZPCMAI74IWZRADCMJFIHZW"',
93 verbose headers   age: '182',
93 verbose headers   connection: 'keep-alive',
93 verbose headers   'x-served-by': 'cache-sjc3125-SJC',
93 verbose headers   'x-cache': 'HIT',
93 verbose headers   'x-cache-hits': '1',
93 verbose headers   'x-timer': 'S1455063184.891522,VS0,VE0',
93 verbose headers   vary: 'Accept' }
94 silly get cb [ 304,
94 silly get   { date: 'Wed, 10 Feb 2016 00:13:04 GMT',
94 silly get     via: '1.1 varnish',
94 silly get     'cache-control': 'max-age=300',
94 silly get     etag: '"5MPZPCMAI74IWZRADCMJFIHZW"',
94 silly get     age: '182',
94 silly get     connection: 'keep-alive',
94 silly get     'x-served-by': 'cache-sjc3125-SJC',
94 silly get     'x-cache': 'HIT',
94 silly get     'x-cache-hits': '1',
94 silly get     'x-timer': 'S1455063184.891522,VS0,VE0',
94 silly get     vary: 'Accept' } ]
95 verbose etag https://registry.npmjs.org/clean-css-brunch from cache
96 verbose get saving clean-css-brunch to /Users/Flaque/.npm/registry.npmjs.org/clean-css-brunch/.cache.json
97 http 304 https://registry.npmjs.org/javascript-brunch
98 verbose headers { date: 'Wed, 10 Feb 2016 00:13:04 GMT',
98 verbose headers   via: '1.1 varnish',
98 verbose headers   'cache-control': 'max-age=300',
98 verbose headers   etag: '"29I869TOMAOKBX6F9X34ADN83"',
98 verbose headers   age: '182',
98 verbose headers   connection: 'keep-alive',
98 verbose headers   'x-served-by': 'cache-sjc3135-SJC',
98 verbose headers   'x-cache': 'HIT',
98 verbose headers   'x-cache-hits': '2',
98 verbose headers   'x-timer': 'S1455063184.890592,VS0,VE0',
98 verbose headers   vary: 'Accept' }
99 silly get cb [ 304,
99 silly get   { date: 'Wed, 10 Feb 2016 00:13:04 GMT',
99 silly get     via: '1.1 varnish',
99 silly get     'cache-control': 'max-age=300',
99 silly get     etag: '"29I869TOMAOKBX6F9X34ADN83"',
99 silly get     age: '182',
99 silly get     connection: 'keep-alive',
99 silly get     'x-served-by': 'cache-sjc3135-SJC',
99 silly get     'x-cache': 'HIT',
99 silly get     'x-cache-hits': '2',
99 silly get     'x-timer': 'S1455063184.890592,VS0,VE0',
99 silly get     vary: 'Accept' } ]
100 verbose etag https://registry.npmjs.org/javascript-brunch from cache
101 verbose get saving javascript-brunch to /Users/Flaque/.npm/registry.npmjs.org/javascript-brunch/.cache.json
102 http 304 https://registry.npmjs.org/css-brunch
103 verbose headers { date: 'Wed, 10 Feb 2016 00:13:04 GMT',
103 verbose headers   via: '1.1 varnish',
103 verbose headers   'cache-control': 'max-age=300',
103 verbose headers   etag: '"3MLMEF015LTF3ST910NBEPF6Z"',
103 verbose headers   age: '67',
103 verbose headers   connection: 'keep-alive',
103 verbose headers   'x-served-by': 'cache-sjc3131-SJC',
103 verbose headers   'x-cache': 'HIT',
103 verbose headers   'x-cache-hits': '1',
103 verbose headers   'x-timer': 'S1455063184.891737,VS0,VE0',
103 verbose headers   vary: 'Accept' }
104 silly get cb [ 304,
104 silly get   { date: 'Wed, 10 Feb 2016 00:13:04 GMT',
104 silly get     via: '1.1 varnish',
104 silly get     'cache-control': 'max-age=300',
104 silly get     etag: '"3MLMEF015LTF3ST910NBEPF6Z"',
104 silly get     age: '67',
104 silly get     connection: 'keep-alive',
104 silly get     'x-served-by': 'cache-sjc3131-SJC',
104 silly get     'x-cache': 'HIT',
104 silly get     'x-cache-hits': '1',
104 silly get     'x-timer': 'S1455063184.891737,VS0,VE0',
104 silly get     vary: 'Accept' } ]
105 verbose etag https://registry.npmjs.org/css-brunch from cache
106 verbose get saving css-brunch to /Users/Flaque/.npm/registry.npmjs.org/css-brunch/.cache.json
107 http 304 https://registry.npmjs.org/babel-brunch
108 verbose headers { date: 'Wed, 10 Feb 2016 00:13:04 GMT',
108 verbose headers   via: '1.1 varnish',
108 verbose headers   'cache-control': 'max-age=300',
108 verbose headers   etag: '"6UDF2GRX43BIZTQ9772DRSL2T"',
108 verbose headers   age: '182',
108 verbose headers   connection: 'keep-alive',
108 verbose headers   'x-served-by': 'cache-sjc3132-SJC',
108 verbose headers   'x-cache': 'HIT',
108 verbose headers   'x-cache-hits': '1',
108 verbose headers   'x-timer': 'S1455063184.894132,VS0,VE0',
108 verbose headers   vary: 'Accept' }
109 silly get cb [ 304,
109 silly get   { date: 'Wed, 10 Feb 2016 00:13:04 GMT',
109 silly get     via: '1.1 varnish',
109 silly get     'cache-control': 'max-age=300',
109 silly get     etag: '"6UDF2GRX43BIZTQ9772DRSL2T"',
109 silly get     age: '182',
109 silly get     connection: 'keep-alive',
109 silly get     'x-served-by': 'cache-sjc3132-SJC',
109 silly get     'x-cache': 'HIT',
109 silly get     'x-cache-hits': '1',
109 silly get     'x-timer': 'S1455063184.894132,VS0,VE0',
109 silly get     vary: 'Accept' } ]
110 verbose etag https://registry.npmjs.org/babel-brunch from cache
111 verbose get saving babel-brunch to /Users/Flaque/.npm/registry.npmjs.org/babel-brunch/.cache.json
112 http 304 https://registry.npmjs.org/uglify-js-brunch
113 verbose headers { date: 'Wed, 10 Feb 2016 00:13:04 GMT',
113 verbose headers   via: '1.1 varnish',
113 verbose headers   'cache-control': 'max-age=300',
113 verbose headers   etag: '"13FU9J8Y5W216UTLU2ZRS4T4M"',
113 verbose headers   age: '182',
113 verbose headers   connection: 'keep-alive',
113 verbose headers   'x-served-by': 'cache-sjc3133-SJC',
113 verbose headers   'x-cache': 'HIT',
113 verbose headers   'x-cache-hits': '1',
113 verbose headers   'x-timer': 'S1455063184.895586,VS0,VE0',
113 verbose headers   vary: 'Accept' }
114 silly get cb [ 304,
114 silly get   { date: 'Wed, 10 Feb 2016 00:13:04 GMT',
114 silly get     via: '1.1 varnish',
114 silly get     'cache-control': 'max-age=300',
114 silly get     etag: '"13FU9J8Y5W216UTLU2ZRS4T4M"',
114 silly get     age: '182',
114 silly get     connection: 'keep-alive',
114 silly get     'x-served-by': 'cache-sjc3133-SJC',
114 silly get     'x-cache': 'HIT',
114 silly get     'x-cache-hits': '1',
114 silly get     'x-timer': 'S1455063184.895586,VS0,VE0',
114 silly get     vary: 'Accept' } ]
115 verbose etag https://registry.npmjs.org/uglify-js-brunch from cache
116 verbose get saving uglify-js-brunch to /Users/Flaque/.npm/registry.npmjs.org/uglify-js-brunch/.cache.json
117 silly resolveWithNewModule clean-css-brunch@1.8.0 checking installable status
118 silly cache add args [ 'clean-css-brunch@~1.8.0', null ]
119 verbose cache add spec clean-css-brunch@~1.8.0
120 silly cache add parsed spec Result {
120 silly cache add   raw: 'clean-css-brunch@~1.8.0',
120 silly cache add   scope: null,
120 silly cache add   name: 'clean-css-brunch',
120 silly cache add   rawSpec: '~1.8.0',
120 silly cache add   spec: '>=1.8.0 <1.9.0',
120 silly cache add   type: 'range' }
121 silly addNamed clean-css-brunch@>=1.8.0 <1.9.0
122 verbose addNamed ">=1.8.0 <1.9.0" is a valid semver range for clean-css-brunch
123 silly addNameRange { name: 'clean-css-brunch',
123 silly addNameRange   range: '>=1.8.0 <1.9.0',
123 silly addNameRange   hasData: false }
124 silly mapToRegistry name clean-css-brunch
125 silly mapToRegistry using default registry
126 silly mapToRegistry registry https://registry.npmjs.org/
127 silly mapToRegistry uri https://registry.npmjs.org/clean-css-brunch
128 verbose addNameRange registry:https://registry.npmjs.org/clean-css-brunch not in flight; fetching
129 silly resolveWithNewModule css-brunch@1.7.0 checking installable status
130 silly cache add args [ 'css-brunch@~1.7.0', null ]
131 verbose cache add spec css-brunch@~1.7.0
132 silly cache add parsed spec Result {
132 silly cache add   raw: 'css-brunch@~1.7.0',
132 silly cache add   scope: null,
132 silly cache add   name: 'css-brunch',
132 silly cache add   rawSpec: '~1.7.0',
132 silly cache add   spec: '>=1.7.0 <1.8.0',
132 silly cache add   type: 'range' }
133 silly addNamed css-brunch@>=1.7.0 <1.8.0
134 verbose addNamed ">=1.7.0 <1.8.0" is a valid semver range for css-brunch
135 silly addNameRange { name: 'css-brunch', range: '>=1.7.0 <1.8.0', hasData: false }
136 silly mapToRegistry name css-brunch
137 silly mapToRegistry using default registry
138 silly mapToRegistry registry https://registry.npmjs.org/
139 silly mapToRegistry uri https://registry.npmjs.org/css-brunch
140 verbose addNameRange registry:https://registry.npmjs.org/css-brunch not in flight; fetching
141 silly resolveWithNewModule babel-brunch@6.0.0 checking installable status
142 silly cache add args [ 'babel-brunch@~6.0.0', null ]
143 verbose cache add spec babel-brunch@~6.0.0
144 silly cache add parsed spec Result {
144 silly cache add   raw: 'babel-brunch@~6.0.0',
144 silly cache add   scope: null,
144 silly cache add   name: 'babel-brunch',
144 silly cache add   rawSpec: '~6.0.0',
144 silly cache add   spec: '>=6.0.0 <6.1.0',
144 silly cache add   type: 'range' }
145 silly addNamed babel-brunch@>=6.0.0 <6.1.0
146 verbose addNamed ">=6.0.0 <6.1.0" is a valid semver range for babel-brunch
147 silly addNameRange { name: 'babel-brunch', range: '>=6.0.0 <6.1.0', hasData: false }
148 silly mapToRegistry name babel-brunch
149 silly mapToRegistry using default registry
150 silly mapToRegistry registry https://registry.npmjs.org/
151 silly mapToRegistry uri https://registry.npmjs.org/babel-brunch
152 verbose addNameRange registry:https://registry.npmjs.org/babel-brunch not in flight; fetching
153 silly resolveWithNewModule javascript-brunch@1.8.0 checking installable status
154 silly cache add args [ 'javascript-brunch@~1.8.0', null ]
155 verbose cache add spec javascript-brunch@~1.8.0
156 silly cache add parsed spec Result {
156 silly cache add   raw: 'javascript-brunch@~1.8.0',
156 silly cache add   scope: null,
156 silly cache add   name: 'javascript-brunch',
156 silly cache add   rawSpec: '~1.8.0',
156 silly cache add   spec: '>=1.8.0 <1.9.0',
156 silly cache add   type: 'range' }
157 silly addNamed javascript-brunch@>=1.8.0 <1.9.0
158 verbose addNamed ">=1.8.0 <1.9.0" is a valid semver range for javascript-brunch
159 silly addNameRange { name: 'javascript-brunch',
159 silly addNameRange   range: '>=1.8.0 <1.9.0',
159 silly addNameRange   hasData: false }
160 silly mapToRegistry name javascript-brunch
161 silly mapToRegistry using default registry
162 silly mapToRegistry registry https://registry.npmjs.org/
163 silly mapToRegistry uri https://registry.npmjs.org/javascript-brunch
164 verbose addNameRange registry:https://registry.npmjs.org/javascript-brunch not in flight; fetching
165 silly resolveWithNewModule uglify-js-brunch@1.7.8 checking installable status
166 silly cache add args [ 'uglify-js-brunch@~1.7.0', null ]
167 verbose cache add spec uglify-js-brunch@~1.7.0
168 silly cache add parsed spec Result {
168 silly cache add   raw: 'uglify-js-brunch@~1.7.0',
168 silly cache add   scope: null,
168 silly cache add   name: 'uglify-js-brunch',
168 silly cache add   rawSpec: '~1.7.0',
168 silly cache add   spec: '>=1.7.0 <1.8.0',
168 silly cache add   type: 'range' }
169 silly addNamed uglify-js-brunch@>=1.7.0 <1.8.0
170 verbose addNamed ">=1.7.0 <1.8.0" is a valid semver range for uglify-js-brunch
171 silly addNameRange { name: 'uglify-js-brunch',
171 silly addNameRange   range: '>=1.7.0 <1.8.0',
171 silly addNameRange   hasData: false }
172 silly mapToRegistry name uglify-js-brunch
173 silly mapToRegistry using default registry
174 silly mapToRegistry registry https://registry.npmjs.org/
175 silly mapToRegistry uri https://registry.npmjs.org/uglify-js-brunch
176 verbose addNameRange registry:https://registry.npmjs.org/uglify-js-brunch not in flight; fetching
177 verbose get https://registry.npmjs.org/clean-css-brunch not expired, no request
178 silly addNameRange number 2 { name: 'clean-css-brunch',
178 silly addNameRange   range: '>=1.8.0 <1.9.0',
178 silly addNameRange   hasData: true }
179 silly addNameRange versions [ 'clean-css-brunch',
179 silly addNameRange   [ '1.0.0',
179 silly addNameRange     '1.1.0',
179 silly addNameRange     '1.1.1',
179 silly addNameRange     '1.3.0',
179 silly addNameRange     '1.4.0',
179 silly addNameRange     '1.5.0',
179 silly addNameRange     '1.5.1',
179 silly addNameRange     '1.6.0',
179 silly addNameRange     '1.7.0',
179 silly addNameRange     '1.7.1',
179 silly addNameRange     '1.7.2',
179 silly addNameRange     '1.8.0',
179 silly addNameRange     '2.0.0' ] ]
180 silly addNamed clean-css-brunch@1.8.0
181 verbose addNamed "1.8.0" is a plain semver version for clean-css-brunch
182 verbose get https://registry.npmjs.org/css-brunch not expired, no request
183 silly addNameRange number 2 { name: 'css-brunch', range: '>=1.7.0 <1.8.0', hasData: true }
184 silly addNameRange versions [ 'css-brunch',
184 silly addNameRange   [ '1.0.0',
184 silly addNameRange     '1.1.0',
184 silly addNameRange     '1.1.1',
184 silly addNameRange     '1.3.0',
184 silly addNameRange     '1.5.0',
184 silly addNameRange     '1.5.1',
184 silly addNameRange     '1.6.0',
184 silly addNameRange     '1.7.0',
184 silly addNameRange     '2.0.0' ] ]
185 silly addNamed css-brunch@1.7.0
186 verbose addNamed "1.7.0" is a plain semver version for css-brunch
187 verbose get https://registry.npmjs.org/babel-brunch not expired, no request
188 silly addNameRange number 2 { name: 'babel-brunch', range: '>=6.0.0 <6.1.0', hasData: true }
189 silly addNameRange versions [ 'babel-brunch',
189 silly addNameRange   [ '4.0.0', '5.0.0', '5.0.1', '5.1.0', '5.1.1', '5.1.2', '6.0.0' ] ]
190 silly addNamed babel-brunch@6.0.0
191 verbose addNamed "6.0.0" is a plain semver version for babel-brunch
192 verbose get https://registry.npmjs.org/javascript-brunch not expired, no request
193 silly addNameRange number 2 { name: 'javascript-brunch',
193 silly addNameRange   range: '>=1.8.0 <1.9.0',
193 silly addNameRange   hasData: true }
194 silly addNameRange versions [ 'javascript-brunch',
194 silly addNameRange   [ '1.0.0',
194 silly addNameRange     '1.1.0',
194 silly addNameRange     '1.1.1',
194 silly addNameRange     '1.3.0',
194 silly addNameRange     '1.5.0',
194 silly addNameRange     '1.5.1',
194 silly addNameRange     '1.6.0',
194 silly addNameRange     '1.7.0',
194 silly addNameRange     '1.7.1',
194 silly addNameRange     '1.8.0',
194 silly addNameRange     '2.0.0' ] ]
195 silly addNamed javascript-brunch@1.8.0
196 verbose addNamed "1.8.0" is a plain semver version for javascript-brunch
197 verbose get https://registry.npmjs.org/uglify-js-brunch not expired, no request
198 silly addNameRange number 2 { name: 'uglify-js-brunch',
198 silly addNameRange   range: '>=1.7.0 <1.8.0',
198 silly addNameRange   hasData: true }
199 silly addNameRange versions [ 'uglify-js-brunch',
199 silly addNameRange   [ '1.0.0',
199 silly addNameRange     '1.1.0',
199 silly addNameRange     '1.1.1',
199 silly addNameRange     '1.3.0',
199 silly addNameRange     '1.3.1',
199 silly addNameRange     '1.5.0',
199 silly addNameRange     '1.5.1',
199 silly addNameRange     '1.7.0',
199 silly addNameRange     '1.7.1',
199 silly addNameRange     '1.7.2',
199 silly addNameRange     '1.7.3',
199 silly addNameRange     '1.7.4',
199 silly addNameRange     '1.7.5',
199 silly addNameRange     '1.7.6',
199 silly addNameRange     '1.7.7',
199 silly addNameRange     '1.7.8',
199 silly addNameRange     '2.0.0',
199 silly addNameRange     '2.0.1' ] ]
200 silly addNamed uglify-js-brunch@1.7.8
201 verbose addNamed "1.7.8" is a plain semver version for uglify-js-brunch
202 silly cache afterAdd clean-css-brunch@1.8.0
203 verbose afterAdd /Users/Flaque/.npm/clean-css-brunch/1.8.0/package/package.json not in flight; writing
204 silly cache afterAdd css-brunch@1.7.0
205 verbose afterAdd /Users/Flaque/.npm/css-brunch/1.7.0/package/package.json not in flight; writing
206 silly cache afterAdd babel-brunch@6.0.0
207 verbose afterAdd /Users/Flaque/.npm/babel-brunch/6.0.0/package/package.json not in flight; writing
208 silly cache afterAdd javascript-brunch@1.8.0
209 verbose afterAdd /Users/Flaque/.npm/javascript-brunch/1.8.0/package/package.json not in flight; writing
210 silly cache afterAdd uglify-js-brunch@1.7.8
211 verbose afterAdd /Users/Flaque/.npm/uglify-js-brunch/1.7.8/package/package.json not in flight; writing
212 verbose afterAdd /Users/Flaque/.npm/babel-brunch/6.0.0/package/package.json written
213 verbose afterAdd /Users/Flaque/.npm/css-brunch/1.7.0/package/package.json written
214 verbose afterAdd /Users/Flaque/.npm/clean-css-brunch/1.8.0/package/package.json written
215 verbose afterAdd /Users/Flaque/.npm/javascript-brunch/1.8.0/package/package.json written
216 verbose afterAdd /Users/Flaque/.npm/uglify-js-brunch/1.7.8/package/package.json written
217 http 200 https://registry.npmjs.org/brunch
218 verbose headers { server: 'CouchDB/1.5.0 (Erlang OTP/R16B03)',
218 verbose headers   etag: '"E9EX7V6SQ505UJ29AWLU3ZP09"',
218 verbose headers   'content-type': 'application/json',
218 verbose headers   'cache-control': 'max-age=300',
218 verbose headers   'content-length': '192949',
218 verbose headers   'accept-ranges': 'bytes',
218 verbose headers   date: 'Wed, 10 Feb 2016 00:13:04 GMT',
218 verbose headers   via: '1.1 varnish',
218 verbose headers   age: '182',
218 verbose headers   connection: 'keep-alive',
218 verbose headers   'x-served-by': 'cache-sjc3126-SJC',
218 verbose headers   'x-cache': 'HIT',
218 verbose headers   'x-cache-hits': '1',
218 verbose headers   'x-timer': 'S1455063184.892261,VS0,VE1',
218 verbose headers   vary: 'Accept' }
219 silly get cb [ 200,
219 silly get   { server: 'CouchDB/1.5.0 (Erlang OTP/R16B03)',
219 silly get     etag: '"E9EX7V6SQ505UJ29AWLU3ZP09"',
219 silly get     'content-type': 'application/json',
219 silly get     'cache-control': 'max-age=300',
219 silly get     'content-length': '192949',
219 silly get     'accept-ranges': 'bytes',
219 silly get     date: 'Wed, 10 Feb 2016 00:13:04 GMT',
219 silly get     via: '1.1 varnish',
219 silly get     age: '182',
219 silly get     connection: 'keep-alive',
219 silly get     'x-served-by': 'cache-sjc3126-SJC',
219 silly get     'x-cache': 'HIT',
219 silly get     'x-cache-hits': '1',
219 silly get     'x-timer': 'S1455063184.892261,VS0,VE1',
219 silly get     vary: 'Accept' } ]
220 verbose get saving brunch to /Users/Flaque/.npm/registry.npmjs.org/brunch/.cache.json
221 silly resolveWithNewModule brunch@2.1.3 checking installable status
222 silly cache add args [ 'brunch@~2.1.3', null ]
223 verbose cache add spec brunch@~2.1.3
224 silly cache add parsed spec Result {
224 silly cache add   raw: 'brunch@~2.1.3',
224 silly cache add   scope: null,
224 silly cache add   name: 'brunch',
224 silly cache add   rawSpec: '~2.1.3',
224 silly cache add   spec: '>=2.1.3 <2.2.0',
224 silly cache add   type: 'range' }
225 silly addNamed brunch@>=2.1.3 <2.2.0
226 verbose addNamed ">=2.1.3 <2.2.0" is a valid semver range for brunch
227 silly addNameRange { name: 'brunch', range: '>=2.1.3 <2.2.0', hasData: false }
228 silly mapToRegistry name brunch
229 silly mapToRegistry using default registry
230 silly mapToRegistry registry https://registry.npmjs.org/
231 silly mapToRegistry uri https://registry.npmjs.org/brunch
232 verbose addNameRange registry:https://registry.npmjs.org/brunch not in flight; fetching
233 verbose get https://registry.npmjs.org/brunch not expired, no request
234 silly addNameRange number 2 { name: 'brunch', range: '>=2.1.3 <2.2.0', hasData: true }
235 silly addNameRange versions [ 'brunch',
235 silly addNameRange   [ '0.0.1',
235 silly addNameRange     '0.0.2',
235 silly addNameRange     '0.0.3',
235 silly addNameRange     '0.0.4',
235 silly addNameRange     '0.0.5',
235 silly addNameRange     '0.0.6',
235 silly addNameRange     '0.0.7',
235 silly addNameRange     '0.0.8',
235 silly addNameRange     '0.1.0',
235 silly addNameRange     '0.1.1',
235 silly addNameRange     '0.1.3',
235 silly addNameRange     '0.1.4',
235 silly addNameRange     '0.1.5',
235 silly addNameRange     '0.1.6',
235 silly addNameRange     '0.1.7',
235 silly addNameRange     '0.1.8',
235 silly addNameRange     '0.1.9',
235 silly addNameRange     '0.2.0',
235 silly addNameRange     '0.2.1',
235 silly addNameRange     '0.2.2',
235 silly addNameRange     '0.2.3',
235 silly addNameRange     '0.2.4',
235 silly addNameRange     '0.2.6',
235 silly addNameRange     '0.2.7',
235 silly addNameRange     '0.2.8',
235 silly addNameRange     '0.3.0',
235 silly addNameRange     '0.3.1',
235 silly addNameRange     '0.3.2',
235 silly addNameRange     '0.3.4',
235 silly addNameRange     '0.3.5',
235 silly addNameRange     '0.3.6',
235 silly addNameRange     '0.3.7',
235 silly addNameRange     '0.4.0',
235 silly addNameRange     '0.4.1',
235 silly addNameRange     '0.4.2',
235 silly addNameRange     '0.4.3',
235 silly addNameRange     '0.4.4',
235 silly addNameRange     '0.4.5',
235 silly addNameRange     '0.5.1',
235 silly addNameRange     '0.5.2',
235 silly addNameRange     '0.5.3',
235 silly addNameRange     '0.5.4',
235 silly addNameRange     '0.5.5',
235 silly addNameRange     '0.5.6',
235 silly addNameRange     '0.6.0',
235 silly addNameRange     '0.6.1',
235 silly addNameRange     '0.6.2',
235 silly addNameRange     '0.7.0',
235 silly addNameRange     '0.7.1',
235 silly addNameRange     '0.7.2',
235 silly addNameRange     '0.7.3',
235 silly addNameRange     '0.7.4',
235 silly addNameRange     '0.8.0',
235 silly addNameRange     '0.8.1',
235 silly addNameRange     '0.9.0-beta1',
235 silly addNameRange     '0.9.0',
235 silly addNameRange     '0.9.1',
235 silly addNameRange     '1.0.0',
235 silly addNameRange     '1.0.1',
235 silly addNameRange     '1.0.2',
235 silly addNameRange     '1.0.3',
235 silly addNameRange     '1.1.0',
235 silly addNameRange     '1.1.1',
235 silly addNameRange     '1.1.2',
235 silly addNameRange     '1.2.0',
235 silly addNameRange     '1.2.1',
235 silly addNameRange     '1.2.2',
235 silly addNameRange     '1.3.0',
235 silly addNameRange     '1.3.1',
235 silly addNameRange     '1.3.2',
235 silly addNameRange     '1.3.3',
235 silly addNameRange     '1.3.4',
235 silly addNameRange     '1.4.0',
235 silly addNameRange     '1.4.1',
235 silly addNameRange     '1.4.2',
235 silly addNameRange     '1.4.3',
235 silly addNameRange     '1.4.4',
235 silly addNameRange     '1.4.5',
235 silly addNameRange     '1.5.0',
235 silly addNameRange     '1.5.1',
235 silly addNameRange     '1.5.2',
235 silly addNameRange     '1.5.3',
235 silly addNameRange     '1.5.4',
235 silly addNameRange     '1.6.0',
235 silly addNameRange     '1.6.1',
235 silly addNameRange     '1.6.2',
235 silly addNameRange     '1.6.3',
235 silly addNameRange     '1.6.4',
235 silly addNameRange     '1.6.5',
235 silly addNameRange     '1.6.6',
235 silly addNameRange     '1.6.7',
235 silly addNameRange     '1.7.0',
235 silly addNameRange     '1.7.1',
235 silly addNameRange     '1.7.2',
235 silly addNameRange     '1.7.3',
235 silly addNameRange     '1.7.4',
235 silly addNameRange     '1.7.5',
235 silly addNameRange     '1.7.6',
235 silly addNameRange     '1.7.7',
235 silly addNameRange     '1.7.8',
235 silly addNameRange     '1.7.9',
235 silly addNameRange     '1.7.10',
235 silly addNameRange     '1.7.12',
235 silly addNameRange     '1.7.13',
235 silly addNameRange     '1.7.14',
235 silly addNameRange     '1.7.15',
235 silly addNameRange     '1.7.16',
235 silly addNameRange     '1.7.17',
235 silly addNameRange     '1.7.18',
235 silly addNameRange     '1.7.19',
235 silly addNameRange     '1.7.20',
235 silly addNameRange     '1.8.0',
235 silly addNameRange     '1.8.1',
235 silly addNameRange     '1.8.2',
235 silly addNameRange     '1.8.3',
235 silly addNameRange     '1.8.4',
235 silly addNameRange     '1.8.5',
235 silly addNameRange     '2.0.0',
235 silly addNameRange     '2.0.1',
235 silly addNameRange     '2.0.2',
235 silly addNameRange     '2.0.3',
235 silly addNameRange     '2.0.4',
235 silly addNameRange     '2.1.0',
235 silly addNameRange     '2.1.1',
235 silly addNameRange     '2.1.2',
235 silly addNameRange     '2.1.3',
235 silly addNameRange     '2.2.0',
235 silly addNameRange     '2.2.1',
235 silly addNameRange     '2.2.2',
235 silly addNameRange     '2.2.3' ] ]
236 silly addNamed brunch@2.1.3
237 verbose addNamed "2.1.3" is a plain semver version for brunch
238 silly cache afterAdd brunch@2.1.3
239 verbose afterAdd /Users/Flaque/.npm/brunch/2.1.3/package/package.json not in flight; writing
240 verbose afterAdd /Users/Flaque/.npm/brunch/2.1.3/package/package.json written
241 silly rollbackFailedOptional Starting
242 silly rollbackFailedOptional Finishing
243 silly runTopLevelLifecycles Starting
244 silly runTopLevelLifecycles Finishing
245 silly install printInstalled
246 verbose stack Error: ENOENT: no such file or directory, open '/Users/Flaque/Documents/School/2016 Spring/Languages/lutra/deps/phoenix'
246 verbose stack     at Error (native)
247 verbose cwd /Users/Flaque/Documents/School/2016 Spring/Languages/lutra
248 error Darwin 15.3.0
249 error argv "/usr/local/Cellar/node/5.5.0/bin/node" "/usr/local/bin/npm" "install"
250 error node v5.5.0
251 error npm  v3.5.3
252 error path /Users/Flaque/Documents/School/2016 Spring/Languages/lutra/deps/phoenix
253 error code ENOENT
254 error errno -2
255 error syscall open
256 error enoent ENOENT: no such file or directory, open '/Users/Flaque/Documents/School/2016 Spring/Languages/lutra/deps/phoenix'
257 error enoent ENOENT: no such file or directory, open '/Users/Flaque/Documents/School/2016 Spring/Languages/lutra/deps/phoenix'
257 error enoent This is most likely not a problem with npm itself
257 error enoent and is related to npm not being able to find a file.
258 verbose exit [ -2, true ]
